<?xml version="1.0" encoding="UTF-8"?>
<robot generator="Robot 6.1.1 (Python 3.11.5 on win32)" generated="20231018 10:33:42.561" rpa="false" schemaversion="4">
<suite id="s1" name="WinSetup" source="c:\Users\TMSystem\tmc-auto-test\tmcAutomation\tests\WinSetup\WinSetup.robot">
<kw name="Start App" library="Setup" type="SETUP">
<doc>Sets up the application for quick launching through 'Launch Application' and starts the winappdriver
Note that the winappdriver must be launched before the test eithe manually or through a script on the target machine</doc>
<kw name="Open Application" library="ApplicationLibrary.DesktopLibrary">
<arg>${REMOTE_URL}</arg>
<arg>platformName=Windows</arg>
<arg>deviceName=Windows</arg>
<arg>app=${Notepad}</arg>
<arg>alias=Main</arg>
<doc>Opens a new application to given Appium server.
If your application has a splash screen please supply the window name of the final window that will appear.
For the capabilities of appium server and Windows please check http://appium.io/docs/en/drivers/windows</doc>
<status status="PASS" starttime="20231018 10:33:42.828" endtime="20231018 10:33:43.488"/>
</kw>
<kw name="Maximize Window" library="ApplicationLibrary.DesktopLibrary">
<doc>Maximizes the current application window.</doc>
<status status="PASS" starttime="20231018 10:33:43.488" endtime="20231018 10:33:43.544"/>
</kw>
<kw name="Sleep" library="BuiltIn">
<arg>1</arg>
<doc>Pauses the test executed for the given time.</doc>
<msg timestamp="20231018 10:33:44.546" level="INFO">Slept 1 second</msg>
<status status="PASS" starttime="20231018 10:33:43.544" endtime="20231018 10:33:44.546"/>
</kw>
<kw name="Quit Application" library="ApplicationLibrary.DesktopLibrary">
<doc>Quit application. Application can be quit while Appium session is kept alive.
This keyword can be used to close application during test case or between test cases.</doc>
<status status="PASS" starttime="20231018 10:33:44.546" endtime="20231018 10:33:44.622"/>
</kw>
<status status="PASS" starttime="20231018 10:33:42.827" endtime="20231018 10:33:44.622"/>
</kw>
<test id="s1-t1" name="Setup Communication Protocol" line="8">
<kw name="Start WinSetup" library="WinSetup">
<kw name="Switch Application" library="ApplicationLibrary.DesktopLibrary">
<arg>Desktop</arg>
<doc>Switches the active application by index or alias.</doc>
<status status="PASS" starttime="20231018 10:33:44.624" endtime="20231018 10:33:44.625"/>
</kw>
<kw name="Run Keyword And Return Status" library="BuiltIn">
<var>${Result}</var>
<arg>Switch Application By Name</arg>
<arg>${REMOTE_URL}</arg>
<arg>window_name=WinSetup</arg>
<arg>exact_match=${False}</arg>
<doc>Runs the given keyword with given arguments and returns the status as a Boolean value.</doc>
<kw name="Switch Application By Name" library="ApplicationLibrary.DesktopLibrary">
<arg>${REMOTE_URL}</arg>
<arg>window_name=WinSetup</arg>
<arg>exact_match=${False}</arg>
<doc>Switches to a currently opened window by ``window_name``.
For the capabilities of appium server and Windows,
Please check http://appium.io/docs/en/drivers/windows</doc>
<kw name="Save Appium Screenshot" library="ApplicationLibrary.DesktopLibrary">
<doc>Takes a screenshot with a unique filename to be stored in Robot Framework compiled
reports.</doc>
<msg timestamp="20231018 10:34:09.450" level="INFO" html="true">&lt;/td&gt;&lt;/tr&gt;&lt;tr&gt;&lt;td colspan="3"&gt;&lt;a href="appium-screenshot-1697646849.3428276-0.png"&gt;&lt;img src="appium-screenshot-1697646849.3428276-0.png" width="800px"&gt;&lt;/a&gt;</msg>
<status status="PASS" starttime="20231018 10:34:09.342" endtime="20231018 10:34:09.451"/>
</kw>
<msg timestamp="20231018 10:34:09.451" level="FAIL">Error finding window "WinSetup" in the desktop session. Is it a top level window handle?. 
Message: An element could not be located on the page using the given search parameters.
</msg>
<status status="FAIL" starttime="20231018 10:33:44.625" endtime="20231018 10:34:09.457"/>
</kw>
<msg timestamp="20231018 10:34:09.458" level="INFO">${Result} = False</msg>
<status status="PASS" starttime="20231018 10:33:44.625" endtime="20231018 10:34:09.458"/>
</kw>
<if>
<branch type="IF" condition="${Result} == True">
<kw name="Switch Application" library="ApplicationLibrary.DesktopLibrary">
<arg>Desktop</arg>
<doc>Switches the active application by index or alias.</doc>
<status status="NOT RUN" starttime="20231018 10:34:09.458" endtime="20231018 10:34:09.459"/>
</kw>
<kw name="Switch Application By Name" library="ApplicationLibrary.DesktopLibrary">
<arg>${REMOTE_URL}</arg>
<arg>window_name=WinSetup</arg>
<arg>exact_match=${False}</arg>
<doc>Switches to a currently opened window by ``window_name``.
For the capabilities of appium server and Windows,
Please check http://appium.io/docs/en/drivers/windows</doc>
<status status="NOT RUN" starttime="20231018 10:34:09.459" endtime="20231018 10:34:09.459"/>
</kw>
<status status="NOT RUN" starttime="20231018 10:34:09.458" endtime="20231018 10:34:09.459"/>
</branch>
<branch type="ELSE">
<kw name="Open Application" library="ApplicationLibrary.DesktopLibrary">
<arg>${REMOTE_URL}</arg>
<arg>platformName=Windows</arg>
<arg>deviceName=Windows</arg>
<arg>app=${winSetup}</arg>
<arg>timeout=10</arg>
<doc>Opens a new application to given Appium server.
If your application has a splash screen please supply the window name of the final window that will appear.
For the capabilities of appium server and Windows please check http://appium.io/docs/en/drivers/windows</doc>
<status status="PASS" starttime="20231018 10:34:09.459" endtime="20231018 10:34:15.838"/>
</kw>
<kw name="Switch Application" library="ApplicationLibrary.DesktopLibrary">
<arg>Desktop</arg>
<doc>Switches the active application by index or alias.</doc>
<status status="PASS" starttime="20231018 10:34:15.838" endtime="20231018 10:34:15.838"/>
</kw>
<kw name="Switch Application By Name" library="ApplicationLibrary.DesktopLibrary">
<arg>${REMOTE_URL}</arg>
<arg>window_name=WinSetup</arg>
<arg>exact_match=${False}</arg>
<doc>Switches to a currently opened window by ``window_name``.
For the capabilities of appium server and Windows,
Please check http://appium.io/docs/en/drivers/windows</doc>
<msg timestamp="20231018 10:34:41.736" level="INFO">Connecting to window_name "WinSetup".</msg>
<status status="PASS" starttime="20231018 10:34:15.838" endtime="20231018 10:34:41.783"/>
</kw>
<kw name="Sleep" library="BuiltIn">
<arg>1</arg>
<doc>Pauses the test executed for the given time.</doc>
<msg timestamp="20231018 10:34:42.784" level="INFO">Slept 1 second</msg>
<status status="PASS" starttime="20231018 10:34:41.783" endtime="20231018 10:34:42.784"/>
</kw>
<status status="PASS" starttime="20231018 10:34:09.459" endtime="20231018 10:34:42.784"/>
</branch>
<status status="PASS" starttime="20231018 10:34:09.458" endtime="20231018 10:34:42.784"/>
</if>
<status status="PASS" starttime="20231018 10:33:44.624" endtime="20231018 10:34:42.784"/>
</kw>
<kw name="WinSetup Logon" library="WinSetup">
<kw name="Run Keyword And Return Status" library="BuiltIn">
<var>${Logon}</var>
<arg>Page Should Contain Element</arg>
<arg>name=Logon to TankMaster</arg>
<doc>Runs the given keyword with given arguments and returns the status as a Boolean value.</doc>
<kw name="Page Should Contain Element" library="ApplicationLibrary.DesktopLibrary">
<arg>name=Logon to TankMaster</arg>
<doc>Verifies that current page contains `locator` element.</doc>
<msg timestamp="20231018 10:34:43.118" level="INFO">Current page contains element 'name=Logon to TankMaster'.</msg>
<status status="PASS" starttime="20231018 10:34:42.784" endtime="20231018 10:34:43.118"/>
</kw>
<msg timestamp="20231018 10:34:43.129" level="INFO">${Logon} = True</msg>
<status status="PASS" starttime="20231018 10:34:42.784" endtime="20231018 10:34:43.129"/>
</kw>
<if>
<branch type="IF" condition="${Logon}">
<kw name="Wait For And Mouse Over And Click Element" library="ApplicationLibrary.DesktopLibrary">
<arg>name=Logon to TankMaster</arg>
<doc>Waits for, moves the mouse over, and clicks the given ``locator``.</doc>
<msg timestamp="20231018 10:34:43.383" level="INFO">Moving to element "&lt;appium.webdriver.webelement.WebElement (session="DDF1366A-A157-4ECA-AD2A-4D9FB4D93329", element="42.3606898")&gt;".</msg>
<msg timestamp="20231018 10:34:43.414" level="INFO">Clicking on current mouse position with an offset of (0,0).</msg>
<status status="PASS" starttime="20231018 10:34:43.129" endtime="20231018 10:34:43.667"/>
</kw>
<kw name="Clear Text" library="ApplicationLibrary.DesktopLibrary">
<arg>accessibility_id=28416</arg>
<doc>Clears the text field identified by `locator`.</doc>
<msg timestamp="20231018 10:34:43.667" level="INFO">Clear text field 'accessibility_id=28416'</msg>
<status status="PASS" starttime="20231018 10:34:43.667" endtime="20231018 10:34:43.841"/>
</kw>
<kw name="Input Text" library="ApplicationLibrary.DesktopLibrary">
<arg>accessibility_id=28416</arg>
<arg>${username_admin}</arg>
<doc>Types the given `text` into text field identified by `locator`.</doc>
<msg timestamp="20231018 10:34:43.841" level="INFO">Typing text 'administrator' into text field 'accessibility_id=28416'</msg>
<status status="PASS" starttime="20231018 10:34:43.841" endtime="20231018 10:34:44.957"/>
</kw>
<kw name="Clear Text" library="ApplicationLibrary.DesktopLibrary">
<arg>accessibility_id=28418</arg>
<doc>Clears the text field identified by `locator`.</doc>
<msg timestamp="20231018 10:34:44.957" level="INFO">Clear text field 'accessibility_id=28418'</msg>
<status status="PASS" starttime="20231018 10:34:44.957" endtime="20231018 10:34:45.100"/>
</kw>
<kw name="Input Password" library="ApplicationLibrary.DesktopLibrary">
<arg>accessibility_id=28418</arg>
<arg>admin</arg>
<doc>Types the given password into text field identified by `locator`.</doc>
<msg timestamp="20231018 10:34:45.100" level="INFO">Typing password into text field 'accessibility_id=28418'</msg>
<status status="PASS" starttime="20231018 10:34:45.100" endtime="20231018 10:34:45.719"/>
</kw>
<kw name="Click Element" library="ApplicationLibrary.DesktopLibrary">
<arg>name=OK</arg>
<doc>Click element identified by `locator`.</doc>
<msg timestamp="20231018 10:34:45.719" level="INFO">Clicking element 'name=OK'.</msg>
<status status="PASS" starttime="20231018 10:34:45.719" endtime="20231018 10:34:46.115"/>
</kw>
<status status="PASS" starttime="20231018 10:34:43.129" endtime="20231018 10:34:46.115"/>
</branch>
<branch type="ELSE">
<kw name="Wait For And Click Element" library="ApplicationLibrary.DesktopLibrary">
<arg>name=Log on</arg>
<doc>Wait for and click the element identified by ``locator``.</doc>
<status status="NOT RUN" starttime="20231018 10:34:46.115" endtime="20231018 10:34:46.115"/>
</kw>
<kw name="Wait For And Mouse Over And Click Element" library="ApplicationLibrary.DesktopLibrary">
<arg>name=Logon to TankMaster</arg>
<doc>Waits for, moves the mouse over, and clicks the given ``locator``.</doc>
<status status="NOT RUN" starttime="20231018 10:34:46.115" endtime="20231018 10:34:46.115"/>
</kw>
<kw name="Input Text" library="ApplicationLibrary.DesktopLibrary">
<arg>accessibility_id=28416</arg>
<arg>${username_admin}</arg>
<doc>Types the given `text` into text field identified by `locator`.</doc>
<status status="NOT RUN" starttime="20231018 10:34:46.118" endtime="20231018 10:34:46.118"/>
</kw>
<kw name="Input Password" library="ApplicationLibrary.DesktopLibrary">
<arg>accessibility_id=28418</arg>
<arg>admin</arg>
<doc>Types the given password into text field identified by `locator`.</doc>
<status status="NOT RUN" starttime="20231018 10:34:46.118" endtime="20231018 10:34:46.118"/>
</kw>
<kw name="Click Element" library="ApplicationLibrary.DesktopLibrary">
<arg>name=OK</arg>
<doc>Click element identified by `locator`.</doc>
<status status="NOT RUN" starttime="20231018 10:34:46.118" endtime="20231018 10:34:46.118"/>
</kw>
<status status="NOT RUN" starttime="20231018 10:34:46.115" endtime="20231018 10:34:46.118"/>
</branch>
<status status="PASS" starttime="20231018 10:34:43.129" endtime="20231018 10:34:46.118"/>
</if>
<kw name="Maximize Window" library="ApplicationLibrary.DesktopLibrary">
<doc>Maximizes the current application window.</doc>
<status status="PASS" starttime="20231018 10:34:46.118" endtime="20231018 10:34:46.150"/>
</kw>
<kw name="Wait For And Mouse Over And Click Element" library="ApplicationLibrary.DesktopLibrary">
<arg>accessibility_id=59393</arg>
<doc>Waits for, moves the mouse over, and clicks the given ``locator``.</doc>
<msg timestamp="20231018 10:34:46.431" level="INFO">Moving to element "&lt;appium.webdriver.webelement.WebElement (session="DDF1366A-A157-4ECA-AD2A-4D9FB4D93329", element="42.5639692")&gt;".</msg>
<msg timestamp="20231018 10:34:46.462" level="INFO">Clicking on current mouse position with an offset of (0,0).</msg>
<status status="PASS" starttime="20231018 10:34:46.150" endtime="20231018 10:34:46.714"/>
</kw>
<kw name="Wait For And Mouse Over And Click Element" library="ApplicationLibrary.DesktopLibrary">
<arg>name=administrator</arg>
<doc>Waits for, moves the mouse over, and clicks the given ``locator``.</doc>
<msg timestamp="20231018 10:34:46.983" level="INFO">Moving to element "&lt;appium.webdriver.webelement.WebElement (session="DDF1366A-A157-4ECA-AD2A-4D9FB4D93329", element="42.5639692.4.-2147483647.5639692.-4.4")&gt;".</msg>
<msg timestamp="20231018 10:34:47.063" level="INFO">Clicking on current mouse position with an offset of (0,0).</msg>
<status status="PASS" starttime="20231018 10:34:46.714" endtime="20231018 10:34:47.334"/>
</kw>
<status status="PASS" starttime="20231018 10:34:42.784" endtime="20231018 10:34:47.334"/>
</kw>
<kw name="Expand Tree" library="WinSetup">
<kw name="Comment" library="BuiltIn">
<arg>Send Keys</arg>
<arg>${Keys.UP}</arg>
<doc>Displays the given messages in the log file as keyword arguments.</doc>
<status status="PASS" starttime="20231018 10:34:47.334" endtime="20231018 10:34:47.334"/>
</kw>
<kw name="Run Keyword And Return Status" library="BuiltIn">
<var>${Result}</var>
<arg>Select Elements From Context Menu</arg>
<arg>xpath=//TreeItem[@Name=\"Network Connections\"]</arg>
<arg>name=Expand All</arg>
<doc>Runs the given keyword with given arguments and returns the status as a Boolean value.</doc>
<kw name="Select Elements From Context Menu" library="ApplicationLibrary.DesktopLibrary">
<arg>xpath=//TreeItem[@Name=\"Network Connections\"]</arg>
<arg>name=Expand All</arg>
<doc>Context clicks the first element and then selects N number of elements (given as
locators) in the order they are given. This is useful for working though a nested context
menu listing of elements.</doc>
<msg timestamp="20231018 10:34:47.872" level="INFO">Moving to element "&lt;appium.webdriver.webelement.WebElement (session="DDF1366A-A157-4ECA-AD2A-4D9FB4D93329", element="42.34867392.4.9752584")&gt;".</msg>
<msg timestamp="20231018 10:34:47.904" level="INFO">Right-clicking on current mouse position with an offset of (0,0).</msg>
<msg timestamp="20231018 10:34:48.174" level="INFO">Clicking element 'name=Expand All'.</msg>
<kw name="Save Appium Screenshot" library="ApplicationLibrary.DesktopLibrary">
<doc>Takes a screenshot with a unique filename to be stored in Robot Framework compiled
reports.</doc>
<msg timestamp="20231018 10:34:48.449" level="INFO" html="true">&lt;/td&gt;&lt;/tr&gt;&lt;tr&gt;&lt;td colspan="3"&gt;&lt;a href="appium-screenshot-1697646888.3372324-1.png"&gt;&lt;img src="appium-screenshot-1697646888.3372324-1.png" width="800px"&gt;&lt;/a&gt;</msg>
<status status="PASS" starttime="20231018 10:34:48.337" endtime="20231018 10:34:48.449"/>
</kw>
<msg timestamp="20231018 10:34:48.449" level="INFO">Clicking element 'name=Expand All'.</msg>
<status status="PASS" starttime="20231018 10:34:47.334" endtime="20231018 10:34:48.933"/>
</kw>
<msg timestamp="20231018 10:34:48.933" level="INFO">${Result} = True</msg>
<status status="PASS" starttime="20231018 10:34:47.334" endtime="20231018 10:34:48.933"/>
</kw>
<if>
<branch type="IF" condition="${Result} == True">
<kw name="Log" library="BuiltIn">
<arg>Already expanded</arg>
<doc>Logs the given message with the given level.</doc>
<msg timestamp="20231018 10:34:48.933" level="INFO">Already expanded</msg>
<status status="PASS" starttime="20231018 10:34:48.933" endtime="20231018 10:34:48.933"/>
</kw>
<kw name="Send Keys" library="ApplicationLibrary.DesktopLibrary">
<arg>${Keys.ESCAPE}</arg>
<doc>Sends the desired keys in ``argv``.</doc>
<msg timestamp="20231018 10:34:48.933" level="INFO">Sending keys to application</msg>
<status status="PASS" starttime="20231018 10:34:48.933" endtime="20231018 10:34:49.173"/>
</kw>
<status status="PASS" starttime="20231018 10:34:48.933" endtime="20231018 10:34:49.173"/>
</branch>
<branch type="ELSE">
<kw name="Switch Application" library="ApplicationLibrary.DesktopLibrary">
<arg>Desktop</arg>
<doc>Switches the active application by index or alias.</doc>
<status status="NOT RUN" starttime="20231018 10:34:49.173" endtime="20231018 10:34:49.173"/>
</kw>
<kw name="Switch Application By Name" library="ApplicationLibrary.DesktopLibrary">
<arg>${REMOTE_URL}</arg>
<arg>window_name=Rosemount TankMaster WinSetup</arg>
<doc>Switches to a currently opened window by ``window_name``.
For the capabilities of appium server and Windows,
Please check http://appium.io/docs/en/drivers/windows</doc>
<status status="NOT RUN" starttime="20231018 10:34:49.173" endtime="20231018 10:34:49.173"/>
</kw>
<kw name="Sleep" library="BuiltIn">
<arg>2</arg>
<doc>Pauses the test executed for the given time.</doc>
<status status="NOT RUN" starttime="20231018 10:34:49.173" endtime="20231018 10:34:49.173"/>
</kw>
<kw name="Wait For And Mouse Over And Click Element" library="ApplicationLibrary.DesktopLibrary">
<arg>name=Rosemount TankMaster WinSetup</arg>
<doc>Waits for, moves the mouse over, and clicks the given ``locator``.</doc>
<status status="NOT RUN" starttime="20231018 10:34:49.173" endtime="20231018 10:34:49.173"/>
</kw>
<kw name="Select Elements From Context Menu" library="ApplicationLibrary.DesktopLibrary">
<arg>xpath=//TreeItem[@Name=\"Network Connections\"]</arg>
<arg>name=Collapse All</arg>
<doc>Context clicks the first element and then selects N number of elements (given as
locators) in the order they are given. This is useful for working though a nested context
menu listing of elements.</doc>
<status status="NOT RUN" starttime="20231018 10:34:49.173" endtime="20231018 10:34:49.173"/>
</kw>
<kw name="Select Elements From Context Menu" library="ApplicationLibrary.DesktopLibrary">
<arg>xpath=//TreeItem[@Name=\"Network Connections\"]</arg>
<arg>name=Expand All</arg>
<doc>Context clicks the first element and then selects N number of elements (given as
locators) in the order they are given. This is useful for working though a nested context
menu listing of elements.</doc>
<status status="NOT RUN" starttime="20231018 10:34:49.173" endtime="20231018 10:34:49.173"/>
</kw>
<status status="NOT RUN" starttime="20231018 10:34:49.173" endtime="20231018 10:34:49.173"/>
</branch>
<status status="PASS" starttime="20231018 10:34:48.933" endtime="20231018 10:34:49.173"/>
</if>
<status status="PASS" starttime="20231018 10:34:47.334" endtime="20231018 10:34:49.173"/>
</kw>
<kw name="Select Option from Right Click Menu" library="WinSetup">
<arg>Protocols</arg>
<arg>MbMaster.1</arg>
<arg>Properties</arg>
<kw name="Select Elements From Menu" library="ApplicationLibrary.DesktopLibrary">
<arg>name=View</arg>
<arg>name=Toolbar</arg>
<doc>Selects N number of elements (given as locators) in the order they are given. This is
useful for working though a nested menu listing of elements.</doc>
<msg timestamp="20231018 10:34:49.173" level="INFO">Clicking element 'name=View'.</msg>
<msg timestamp="20231018 10:34:49.587" level="INFO">Clicking element 'name=Toolbar'.</msg>
<status status="PASS" starttime="20231018 10:34:49.173" endtime="20231018 10:34:49.931"/>
</kw>
<kw name="Wait For And Mouse Over And Click Element" library="ApplicationLibrary.DesktopLibrary">
<arg>name=${item_name1}</arg>
<doc>Waits for, moves the mouse over, and clicks the given ``locator``.</doc>
<msg timestamp="20231018 10:34:50.327" level="INFO">Moving to element "&lt;appium.webdriver.webelement.WebElement (session="DDF1366A-A157-4ECA-AD2A-4D9FB4D93329", element="42.34867392.4.9742936")&gt;".</msg>
<msg timestamp="20231018 10:34:50.375" level="INFO">Clicking on current mouse position with an offset of (0,0).</msg>
<status status="PASS" starttime="20231018 10:34:49.931" endtime="20231018 10:34:50.628"/>
</kw>
<kw name="Select Elements From Context Menu" library="ApplicationLibrary.DesktopLibrary">
<arg>name=${item_name2}</arg>
<arg>name=${option_name}</arg>
<doc>Context clicks the first element and then selects N number of elements (given as
locators) in the order they are given. This is useful for working though a nested context
menu listing of elements.</doc>
<msg timestamp="20231018 10:34:50.775" level="INFO">Moving to element "&lt;appium.webdriver.webelement.WebElement (session="DDF1366A-A157-4ECA-AD2A-4D9FB4D93329", element="42.34867392.4.9743416")&gt;".</msg>
<msg timestamp="20231018 10:34:50.837" level="INFO">Right-clicking on current mouse position with an offset of (0,0).</msg>
<msg timestamp="20231018 10:34:51.089" level="INFO">Clicking element 'name=Properties'.</msg>
<kw name="Save Appium Screenshot" library="ApplicationLibrary.DesktopLibrary">
<doc>Takes a screenshot with a unique filename to be stored in Robot Framework compiled
reports.</doc>
<msg timestamp="20231018 10:34:51.454" level="INFO" html="true">&lt;/td&gt;&lt;/tr&gt;&lt;tr&gt;&lt;td colspan="3"&gt;&lt;a href="appium-screenshot-1697646891.343183-2.png"&gt;&lt;img src="appium-screenshot-1697646891.343183-2.png" width="800px"&gt;&lt;/a&gt;</msg>
<status status="PASS" starttime="20231018 10:34:51.343" endtime="20231018 10:34:51.454"/>
</kw>
<msg timestamp="20231018 10:34:51.454" level="INFO">Clicking element 'name=Properties'.</msg>
<status status="PASS" starttime="20231018 10:34:50.628" endtime="20231018 10:34:51.897"/>
</kw>
<kw name="Sleep" library="BuiltIn">
<arg>2</arg>
<doc>Pauses the test executed for the given time.</doc>
<msg timestamp="20231018 10:34:53.900" level="INFO">Slept 2 seconds</msg>
<status status="PASS" starttime="20231018 10:34:51.897" endtime="20231018 10:34:53.900"/>
</kw>
<status status="PASS" starttime="20231018 10:34:49.173" endtime="20231018 10:34:53.900"/>
</kw>
<kw name="Modbus Properties" library="WinSetup">
<kw name="Wait For And Mouse Over And Click Element" library="ApplicationLibrary.DesktopLibrary">
<arg>name=Modbus Master Protocol Channel 1 Configuration</arg>
<doc>Waits for, moves the mouse over, and clicks the given ``locator``.</doc>
<msg timestamp="20231018 10:34:54.400" level="INFO">Moving to element "&lt;appium.webdriver.webelement.WebElement (session="DDF1366A-A157-4ECA-AD2A-4D9FB4D93329", element="42.2755374")&gt;".</msg>
<msg timestamp="20231018 10:34:54.431" level="INFO">Clicking on current mouse position with an offset of (0,0).</msg>
<status status="PASS" starttime="20231018 10:34:53.900" endtime="20231018 10:34:54.681"/>
</kw>
<kw name="Wait For And Mouse Over And Click Element" library="ApplicationLibrary.DesktopLibrary">
<arg>name=Apply</arg>
<doc>Waits for, moves the mouse over, and clicks the given ``locator``.</doc>
<msg timestamp="20231018 10:34:55.186" level="INFO">Moving to element "&lt;appium.webdriver.webelement.WebElement (session="DDF1366A-A157-4ECA-AD2A-4D9FB4D93329", element="42.2558376")&gt;".</msg>
<msg timestamp="20231018 10:34:55.218" level="INFO">Clicking on current mouse position with an offset of (0,0).</msg>
<status status="PASS" starttime="20231018 10:34:54.681" endtime="20231018 10:34:55.472"/>
</kw>
<kw name="Wait For And Mouse Over And Click Element" library="ApplicationLibrary.DesktopLibrary">
<arg>name=OK</arg>
<doc>Waits for, moves the mouse over, and clicks the given ``locator``.</doc>
<msg timestamp="20231018 10:34:56.087" level="INFO">Moving to element "&lt;appium.webdriver.webelement.WebElement (session="DDF1366A-A157-4ECA-AD2A-4D9FB4D93329", element="42.1052194")&gt;".</msg>
<msg timestamp="20231018 10:34:56.134" level="INFO">Clicking on current mouse position with an offset of (0,0).</msg>
<status status="PASS" starttime="20231018 10:34:55.472" endtime="20231018 10:34:56.386"/>
</kw>
<status status="PASS" starttime="20231018 10:34:53.900" endtime="20231018 10:34:56.386"/>
</kw>
<status status="PASS" starttime="20231018 10:33:44.622" endtime="20231018 10:34:56.386"/>
</test>
<kw name="Close App" library="Setup" type="TEARDOWN">
<kw name="Close Application" library="ApplicationLibrary.DesktopLibrary">
<doc>Closes the current application and also close webdriver session.</doc>
<status status="PASS" starttime="20231018 10:34:56.386" endtime="20231018 10:34:56.449"/>
</kw>
<status status="PASS" starttime="20231018 10:34:56.386" endtime="20231018 10:34:56.449"/>
</kw>
<status status="PASS" starttime="20231018 10:33:42.565" endtime="20231018 10:34:56.449"/>
</suite>
<statistics>
<total>
<stat pass="1" fail="0" skip="0">All Tests</stat>
</total>
<tag>
</tag>
<suite>
<stat pass="1" fail="0" skip="0" id="s1" name="WinSetup">WinSetup</stat>
</suite>
</statistics>
<errors>
</errors>
</robot>
